<?xml version="1.0" encoding="UTF-8"?>
<!-- Generated by org.testng.reporters.JUnitReportReporter -->
<testsuite skipped="0" hostname="DESKTOP-OL21TMU" name="com.gihan.automation.basics.SeleniumExample" tests="1" failures="0" timestamp="07 Apr 2019 13:34:04 GMT" time="7.687" errors="0">
  <testcase name="loginTest" time="7.687" classname="com.gihan.automation.basics.SeleniumExample"/>
</testsuite> <!-- com.gihan.automation.basics.SeleniumExample -->
